/data/home/wangzz/miniconda3/envs/abess-dev/lib/python3.10/site-packages/cvxpy/problems/problem.py:1337: UserWarning: Solution may be inaccurate. Try another solver, adjusting the solver settings, or solve with verbose=True for more information.
  warnings.warn(
/data/home/wangzz/miniconda3/envs/abess-dev/lib/python3.10/site-packages/cvxpy/problems/problem.py:1337: UserWarning: Solution may be inaccurate. Try another solver, adjusting the solver settings, or solve with verbose=True for more information.
  warnings.warn(
/data/home/wangzz/miniconda3/envs/abess-dev/lib/python3.10/site-packages/cvxpy/problems/problem.py:1337: UserWarning: Solution may be inaccurate. Try another solver, adjusting the solver settings, or solve with verbose=True for more information.
  warnings.warn(
/data/home/wangzz/miniconda3/envs/abess-dev/lib/python3.10/site-packages/cvxpy/problems/problem.py:1337: UserWarning: Solution may be inaccurate. Try another solver, adjusting the solver settings, or solve with verbose=True for more information.
  warnings.warn(
/data/home/wangzz/miniconda3/envs/abess-dev/lib/python3.10/site-packages/cvxpy/problems/problem.py:1337: UserWarning: Solution may be inaccurate. Try another solver, adjusting the solver settings, or solve with verbose=True for more information.
  warnings.warn(
/data/home/wangzz/miniconda3/envs/abess-dev/lib/python3.10/site-packages/cvxpy/problems/problem.py:1337: UserWarning: Solution may be inaccurate. Try another solver, adjusting the solver settings, or solve with verbose=True for more information.
  warnings.warn(
/data/home/wangzz/miniconda3/envs/abess-dev/lib/python3.10/site-packages/cvxpy/problems/problem.py:1337: UserWarning: Solution may be inaccurate. Try another solver, adjusting the solver settings, or solve with verbose=True for more information.
  warnings.warn(
/data/home/wangzz/miniconda3/envs/abess-dev/lib/python3.10/site-packages/cvxpy/problems/problem.py:1337: UserWarning: Solution may be inaccurate. Try another solver, adjusting the solver settings, or solve with verbose=True for more information.
  warnings.warn(
/data/home/wangzz/miniconda3/envs/abess-dev/lib/python3.10/site-packages/cvxpy/problems/problem.py:1337: UserWarning: Solution may be inaccurate. Try another solver, adjusting the solver settings, or solve with verbose=True for more information.
  warnings.warn(
/data/home/wangzz/miniconda3/envs/abess-dev/lib/python3.10/site-packages/cvxpy/problems/problem.py:1337: UserWarning: Solution may be inaccurate. Try another solver, adjusting the solver settings, or solve with verbose=True for more information.
  warnings.warn(
/data/home/wangzz/miniconda3/envs/abess-dev/lib/python3.10/site-packages/cvxpy/problems/problem.py:1337: UserWarning: Solution may be inaccurate. Try another solver, adjusting the solver settings, or solve with verbose=True for more information.
  warnings.warn(
/data/home/wangzz/miniconda3/envs/abess-dev/lib/python3.10/site-packages/cvxpy/problems/problem.py:1337: UserWarning: Solution may be inaccurate. Try another solver, adjusting the solver settings, or solve with verbose=True for more information.
  warnings.warn(
/data/home/wangzz/miniconda3/envs/abess-dev/lib/python3.10/site-packages/cvxpy/problems/problem.py:1337: UserWarning: Solution may be inaccurate. Try another solver, adjusting the solver settings, or solve with verbose=True for more information.
  warnings.warn(
Solver 'ECOS' failed. Try another solver, or solve with verbose=True for more information.
{'n': 100, 'seed': 211, 'SCOPE_accuracy': nan, 'SCOPE_time': nan, 'GraHTP_accuracy': nan, 'GraHTP_time': nan, 'GraHTP_cv_accuracy': nan, 'GraHTP_best_step_size': nan, 'GraHTP_cv_time': nan, 'GraSP_accuracy': nan, 'GraSP_time': nan, 'Lasso_accuracy': nan, 'Lasso_best_lambda': nan, 'Lasso_time': nan}
{'n': 250, 'seed': 511, 'Lasso_accuracy': 0.5, 'Lasso_best_lambda': 9.765625e-05, 'Lasso_time': 29.198354959487915, 'GraHTP_accuracy': 0.42, 'GraHTP_time': 0.10203051567077637, 'GraHTP_cv_accuracy': 0.42, 'GraHTP_best_step_size': 0.01, 'GraHTP_cv_time': 0.1670231819152832, 'GraSP_accuracy': 0.36, 'GraSP_time': 0.14703750610351562, 'SCOPE_accuracy': 0.42, 'SCOPE_time': 0.33728861808776855}
{'n': 250, 'seed': 481, 'Lasso_accuracy': 0.46, 'Lasso_best_lambda': 7.324218750000001e-05, 'Lasso_time': 18.72338843345642, 'GraHTP_accuracy': 0.44, 'GraHTP_time': 0.11232733726501465, 'GraHTP_cv_accuracy': 0.44, 'GraHTP_best_step_size': 0.000774263682681127, 'GraHTP_cv_time': 0.4437289237976074, 'GraSP_accuracy': 0.34, 'GraSP_time': 0.17023682594299316, 'SCOPE_accuracy': 0.44, 'SCOPE_time': 0.25165653228759766}
/data/home/wangzz/miniconda3/envs/abess-dev/lib/python3.10/site-packages/cvxpy/problems/problem.py:1337: UserWarning: Solution may be inaccurate. Try another solver, adjusting the solver settings, or solve with verbose=True for more information.
  warnings.warn(
{'n': 200, 'seed': 361, 'Lasso_accuracy': 0.34, 'Lasso_best_lambda': 1.8310546875000003e-05, 'Lasso_time': 19.016186475753784, 'GraHTP_accuracy': 0.32, 'GraHTP_time': 0.11372780799865723, 'GraHTP_cv_accuracy': 0.32, 'GraHTP_best_step_size': 0.005994842503189409, 'GraHTP_cv_time': 1.1585094928741455, 'GraSP_accuracy': 0.26, 'GraSP_time': 0.48792147636413574, 'SCOPE_accuracy': 0.3, 'SCOPE_time': 0.9431416988372803}
{'n': 200, 'seed': 451, 'Lasso_accuracy': 0.32, 'Lasso_best_lambda': 4.577636718750001e-05, 'Lasso_time': 27.722022533416748, 'GraHTP_accuracy': 0.34, 'GraHTP_time': 0.09760022163391113, 'GraHTP_cv_accuracy': 0.32, 'GraHTP_best_step_size': 0.01, 'GraHTP_cv_time': 0.27535009384155273, 'GraSP_accuracy': 0.36, 'GraSP_time': 0.1091766357421875, 'SCOPE_accuracy': 0.34, 'SCOPE_time': 0.18438005447387695}
/data/home/wangzz/miniconda3/envs/abess-dev/lib/python3.10/site-packages/cvxpy/problems/problem.py:1337: UserWarning: Solution may be inaccurate. Try another solver, adjusting the solver settings, or solve with verbose=True for more information.
  warnings.warn(
/data/home/wangzz/miniconda3/envs/abess-dev/lib/python3.10/site-packages/cvxpy/problems/problem.py:1337: UserWarning: Solution may be inaccurate. Try another solver, adjusting the solver settings, or solve with verbose=True for more information.
  warnings.warn(
{'n': 150, 'seed': 241, 'Lasso_accuracy': 0.34, 'Lasso_best_lambda': 4.053115844726563e-07, 'Lasso_time': 35.490325927734375, 'GraHTP_accuracy': 0.36, 'GraHTP_time': 0.10944223403930664, 'GraHTP_cv_accuracy': 0.36, 'GraHTP_best_step_size': 0.002154434690031882, 'GraHTP_cv_time': 0.23995661735534668, 'GraSP_accuracy': 0.28, 'GraSP_time': 0.35860657691955566, 'SCOPE_accuracy': 0.36, 'SCOPE_time': 0.20560622215270996}
{'n': 250, 'seed': 541, 'Lasso_accuracy': 0.42, 'Lasso_best_lambda': 6.103515625e-05, 'Lasso_time': 41.434831380844116, 'GraHTP_accuracy': 0.44, 'GraHTP_time': 0.07745122909545898, 'GraHTP_cv_accuracy': 0.42, 'GraHTP_best_step_size': 0.003593813663804626, 'GraHTP_cv_time': 0.5188894271850586, 'GraSP_accuracy': 0.36, 'GraSP_time': 0.5265729427337646, 'SCOPE_accuracy': 0.4, 'SCOPE_time': 1.1500787734985352}
{'n': 200, 'seed': 421, 'Lasso_accuracy': 0.54, 'Lasso_best_lambda': 3.6621093750000005e-05, 'Lasso_time': 47.499199867248535, 'GraHTP_accuracy': 0.46, 'GraHTP_time': 0.15330266952514648, 'GraHTP_cv_accuracy': 0.46, 'GraHTP_best_step_size': 0.002154434690031882, 'GraHTP_cv_time': 1.9570682048797607, 'GraSP_accuracy': 0.38, 'GraSP_time': 1.1404681205749512, 'SCOPE_accuracy': 0.46, 'SCOPE_time': 0.7893874645233154}
/data/home/wangzz/miniconda3/envs/abess-dev/lib/python3.10/site-packages/cvxpy/problems/problem.py:1337: UserWarning: Solution may be inaccurate. Try another solver, adjusting the solver settings, or solve with verbose=True for more information.
  warnings.warn(
{'n': 150, 'seed': 331, 'Lasso_accuracy': 0.26, 'Lasso_best_lambda': 8.58306884765625e-07, 'Lasso_time': 53.87228226661682, 'GraHTP_accuracy': 0.28, 'GraHTP_time': 0.0857703685760498, 'GraHTP_cv_accuracy': 0.28, 'GraHTP_best_step_size': 0.01, 'GraHTP_cv_time': 0.7432548999786377, 'GraSP_accuracy': 0.22, 'GraSP_time': 0.6766729354858398, 'SCOPE_accuracy': 0.3, 'SCOPE_time': 0.7384791374206543}
{'n': 150, 'seed': 301, 'Lasso_accuracy': 0.32, 'Lasso_best_lambda': 1.71661376953125e-06, 'Lasso_time': 53.07652735710144, 'GraHTP_accuracy': 0.32, 'GraHTP_time': 0.13475966453552246, 'GraHTP_cv_accuracy': 0.32, 'GraHTP_best_step_size': 0.003593813663804626, 'GraHTP_cv_time': 1.1053879261016846, 'GraSP_accuracy': 0.22, 'GraSP_time': 0.9317018985748291, 'SCOPE_accuracy': 0.28, 'SCOPE_time': 0.8088381290435791}
{'n': 250, 'seed': 571, 'Lasso_accuracy': 0.54, 'Lasso_best_lambda': 6.103515625e-06, 'Lasso_time': 51.54576659202576, 'GraHTP_accuracy': 0.52, 'GraHTP_time': 0.3004622459411621, 'GraHTP_cv_accuracy': 0.52, 'GraHTP_best_step_size': 0.002154434690031882, 'GraHTP_cv_time': 3.1180672645568848, 'GraSP_accuracy': 0.36, 'GraSP_time': 1.2636144161224365, 'SCOPE_accuracy': 0.48, 'SCOPE_time': 2.0344631671905518}
/data/home/wangzz/miniconda3/envs/abess-dev/lib/python3.10/site-packages/cvxpy/problems/problem.py:1337: UserWarning: Solution may be inaccurate. Try another solver, adjusting the solver settings, or solve with verbose=True for more information.
  warnings.warn(
/data/home/wangzz/miniconda3/envs/abess-dev/lib/python3.10/site-packages/cvxpy/problems/problem.py:1337: UserWarning: Solution may be inaccurate. Try another solver, adjusting the solver settings, or solve with verbose=True for more information.
  warnings.warn(
{'n': 250, 'seed': 482, 'Lasso_accuracy': 0.5, 'Lasso_best_lambda': 0.00014162063598632812, 'Lasso_time': 40.9309196472168, 'GraHTP_accuracy': 0.4, 'GraHTP_time': 0.05714559555053711, 'GraHTP_cv_accuracy': 0.42, 'GraHTP_best_step_size': 0.01, 'GraHTP_cv_time': 0.27894043922424316, 'GraSP_accuracy': 0.4, 'GraSP_time': 0.2162787914276123, 'SCOPE_accuracy': 0.44, 'SCOPE_time': 0.2923915386199951}
{'n': 250, 'seed': 512, 'Lasso_accuracy': 0.5, 'Lasso_best_lambda': 6.103515625e-05, 'Lasso_time': 44.4296772480011, 'GraHTP_accuracy': 0.5, 'GraHTP_time': 0.07270979881286621, 'GraHTP_cv_accuracy': 0.5, 'GraHTP_best_step_size': 0.01, 'GraHTP_cv_time': 0.4071776866912842, 'GraSP_accuracy': 0.38, 'GraSP_time': 0.4026961326599121, 'SCOPE_accuracy': 0.52, 'SCOPE_time': 0.6329405307769775}
{'n': 200, 'seed': 452, 'Lasso_accuracy': 0.36, 'Lasso_best_lambda': 3.0517578125e-05, 'Lasso_time': 28.086249589920044, 'GraHTP_accuracy': 0.4, 'GraHTP_time': 0.16028523445129395, 'GraHTP_cv_accuracy': 0.4, 'GraHTP_best_step_size': 0.01, 'GraHTP_cv_time': 0.9928550720214844, 'GraSP_accuracy': 0.42, 'GraSP_time': 0.8480319976806641, 'SCOPE_accuracy': 0.4, 'SCOPE_time': 0.4838523864746094}
{'n': 150, 'seed': 242, 'Lasso_accuracy': 0.3, 'Lasso_best_lambda': 2.574920654296875e-06, 'Lasso_time': 28.491013526916504, 'GraHTP_accuracy': 0.42, 'GraHTP_time': 0.07929301261901855, 'GraHTP_cv_accuracy': 0.42, 'GraHTP_best_step_size': 0.003593813663804626, 'GraHTP_cv_time': 0.26670312881469727, 'GraSP_accuracy': 0.32, 'GraSP_time': 0.3659355640411377, 'SCOPE_accuracy': 0.44, 'SCOPE_time': 0.1318342685699463}
/data/home/wangzz/miniconda3/envs/abess-dev/lib/python3.10/site-packages/cvxpy/problems/problem.py:1337: UserWarning: Solution may be inaccurate. Try another solver, adjusting the solver settings, or solve with verbose=True for more information.
  warnings.warn(
/data/home/wangzz/miniconda3/envs/abess-dev/lib/python3.10/site-packages/cvxpy/problems/problem.py:1337: UserWarning: Solution may be inaccurate. Try another solver, adjusting the solver settings, or solve with verbose=True for more information.
  warnings.warn(
{'n': 250, 'seed': 542, 'Lasso_accuracy': 0.5, 'Lasso_best_lambda': 9.765625e-05, 'Lasso_time': 31.626288175582886, 'GraHTP_accuracy': 0.54, 'GraHTP_time': 0.03862500190734863, 'GraHTP_cv_accuracy': 0.52, 'GraHTP_best_step_size': 0.005994842503189409, 'GraHTP_cv_time': 1.0888051986694336, 'GraSP_accuracy': 0.42, 'GraSP_time': 0.5976922512054443, 'SCOPE_accuracy': 0.48, 'SCOPE_time': 0.8024861812591553}
